<?xml version="1.0" encoding="UTF-8"?>
<!-- Generated by org.testng.reporters.JUnitXMLReporter -->
<testsuite ignored="0" hostname="DESKTOP-SAB1JP8" failures="1" tests="1" name="Test" time="0.046" errors="0" timestamp="07 Dec 2018 23:28:53 GMT">
  <testcase classname="com.google.test.HomePageTest" name="getTitle" time="0.008">
    <failure type="java.lang.NullPointerException">
      <![CDATA[java.lang.NullPointerException
at com.google.test.HomePageTest.getTitle(HomePageTest.java:12)
... Removed 29 stack frames]]>
    </failure>
  </testcase> <!-- getTitle -->
</testsuite> <!-- Test -->
