<?xml version="1.0" encoding="UTF-8"?>
<testsuite xmlns:xsi="http://www.w3.org/2001/XMLSchema-instance" xsi:noNamespaceSchemaLocation="https://maven.apache.org/surefire/maven-surefire-plugin/xsd/surefire-test-report.xsd" name="TestSuite" time="1.091" tests="1" errors="0" skipped="0" failures="1">
  <properties>
[...]
</properties>
  <testcase name="getTitle" classname="com.google.test.HomePageTest" time="0.015">
    <failure type="java.lang.NullPointerException">java.lang.NullPointerException
	at com.google.test.HomePageTest.getTitle(HomePageTest.java:12)
</failure>
  </testcase>
</testsuite>