-------------------------------------------------------------------------------
Test set: TestSuite
-------------------------------------------------------------------------------
Tests run: 1, Failures: 1, Errors: 0, Skipped: 0, Time elapsed: 1.091 s <<< FAILURE! - in TestSuite
getTitle(com.google.test.HomePageTest)  Time elapsed: 0.015 s  <<< FAILURE!
java.lang.NullPointerException
	at com.google.test.HomePageTest.getTitle(HomePageTest.java:12)

